2020-01-31T12:21:00+02:00 CRITICAL syntax error, unexpected '"{{ post_meta_value:total-coll' (T_CONSTANT_ENCAPSED_STRING) у /home/sampin/zaporuka.testit.in.ua/wp-content/themes/u-design-child/inc/custom_functions.php доступно 253

2020-01-31T12:26:14+02:00 CRITICAL Uncaught ArgumentCountError: Too few arguments to function WPBakeryShortCode::__construct(), 0 passed in /home/sampin/zaporuka.testit.in.ua/wp-content/themes/u-design-child/inc/custom_functions.php on line 248 and exactly 1 expected in /home/sampin/zaporuka.testit.in.ua/wp-content/plugins/js_composer/include/classes/shortcodes/core/class-wpbakeryshortcode.php:58
Stack trace:
#0 /home/sampin/zaporuka.testit.in.ua/wp-content/themes/u-design-child/inc/custom_functions.php(248): WPBakeryShortCode->__construct()
#1 /home/sampin/zaporuka.testit.in.ua/wp-includes/shortcodes.php(325): other_project_timeline('', '', 'other_project_t...')
#2 [internal function]: do_shortcode_tag(Array)
#3 /home/sampin/zaporuka.testit.in.ua/wp-includes/shortcodes.php(199): preg_replace_callback('/\\[(\\[?)(other_...', 'do_shortcode_ta...', '[other_project_...')
#4 /home/sampin/zaporuka.testit.in.ua/wp-content/plugins/js_composer/include/helpers/helpers.php(240): do_shortcode('[other_project_...')
#5 /home/sampin/zaporuka.testit.in.ua/wp у /home/sampin/zaporuka.testit.in.ua/wp-content/plugins/js_composer/include/classes/shortcodes/core/class-wpbakeryshortcode.php доступно 58

2020-01-31T13:03:55+02:00 CRITICAL Uncaught Error: Call to undefined function mb_detect_encoding() in /home/sampin/zaporuka.testit.in.ua/wp-content/themes/u-design-child/inc/custom_functions.php:255
Stack trace:
#0 /home/sampin/zaporuka.testit.in.ua/wp-includes/shortcodes.php(325): other_project_timeline('', '', 'other_project_t...')
#1 [internal function]: do_shortcode_tag(Array)
#2 /home/sampin/zaporuka.testit.in.ua/wp-includes/shortcodes.php(199): preg_replace_callback('/\\[(\\[?)(other_...', 'do_shortcode_ta...', '[other_project_...')
#3 /home/sampin/zaporuka.testit.in.ua/wp-content/plugins/js_composer/include/helpers/helpers.php(240): do_shortcode('[other_project_...')
#4 /home/sampin/zaporuka.testit.in.ua/wp-content/plugins/js_composer/include/templates/shortcodes/vc_column_text.php(31): wpb_js_remove_wpautop('<p>[other_proje...', true)
#5 /home/sampin/zaporuka.testit.in.ua/wp-content/plugins/js_composer/include/classes/shortcodes/core/class-wpbakeryshortcode.php(271): require('/home/sampin/za...')
#6 /home/sampin/zaporuka.testit.in.ua/w у /home/sampin/zaporuka.testit.in.ua/wp-content/themes/u-design-child/inc/custom_functions.php доступно 255

2020-01-31T13:04:15+02:00 CRITICAL Uncaught Error: Call to undefined function mb_detect_encoding() in /home/sampin/zaporuka.testit.in.ua/wp-content/themes/u-design-child/inc/custom_functions.php:255
Stack trace:
#0 /home/sampin/zaporuka.testit.in.ua/wp-includes/shortcodes.php(325): other_project_timeline('', '', 'other_project_t...')
#1 [internal function]: do_shortcode_tag(Array)
#2 /home/sampin/zaporuka.testit.in.ua/wp-includes/shortcodes.php(199): preg_replace_callback('/\\[(\\[?)(other_...', 'do_shortcode_ta...', '[other_project_...')
#3 /home/sampin/zaporuka.testit.in.ua/wp-content/plugins/js_composer/include/helpers/helpers.php(240): do_shortcode('[other_project_...')
#4 /home/sampin/zaporuka.testit.in.ua/wp-content/plugins/js_composer/include/templates/shortcodes/vc_column_text.php(31): wpb_js_remove_wpautop('<p>[other_proje...', true)
#5 /home/sampin/zaporuka.testit.in.ua/wp-content/plugins/js_composer/include/classes/shortcodes/core/class-wpbakeryshortcode.php(271): require('/home/sampin/za...')
#6 /home/sampin/zaporuka.testit.in.ua/w у /home/sampin/zaporuka.testit.in.ua/wp-content/themes/u-design-child/inc/custom_functions.php доступно 255

2020-01-31T13:04:56+02:00 CRITICAL Uncaught Error: Call to undefined function mb_detect_encoding() in /home/sampin/zaporuka.testit.in.ua/wp-content/themes/u-design-child/inc/custom_functions.php:255
Stack trace:
#0 /home/sampin/zaporuka.testit.in.ua/wp-includes/shortcodes.php(325): other_project_timeline('', '', 'other_project_t...')
#1 [internal function]: do_shortcode_tag(Array)
#2 /home/sampin/zaporuka.testit.in.ua/wp-includes/shortcodes.php(199): preg_replace_callback('/\\[(\\[?)(other_...', 'do_shortcode_ta...', '[other_project_...')
#3 /home/sampin/zaporuka.testit.in.ua/wp-content/plugins/js_composer/include/helpers/helpers.php(240): do_shortcode('[other_project_...')
#4 /home/sampin/zaporuka.testit.in.ua/wp-content/plugins/js_composer/include/templates/shortcodes/vc_column_text.php(31): wpb_js_remove_wpautop('<p>[other_proje...', true)
#5 /home/sampin/zaporuka.testit.in.ua/wp-content/plugins/js_composer/include/classes/shortcodes/core/class-wpbakeryshortcode.php(271): require('/home/sampin/za...')
#6 /home/sampin/zaporuka.testit.in.ua/w у /home/sampin/zaporuka.testit.in.ua/wp-content/themes/u-design-child/inc/custom_functions.php доступно 255

2020-01-31T13:05:04+02:00 CRITICAL Uncaught Error: Call to undefined function mb_detect_encoding() in /home/sampin/zaporuka.testit.in.ua/wp-content/themes/u-design-child/inc/custom_functions.php:255
Stack trace:
#0 /home/sampin/zaporuka.testit.in.ua/wp-includes/shortcodes.php(325): other_project_timeline('', '', 'other_project_t...')
#1 [internal function]: do_shortcode_tag(Array)
#2 /home/sampin/zaporuka.testit.in.ua/wp-includes/shortcodes.php(199): preg_replace_callback('/\\[(\\[?)(other_...', 'do_shortcode_ta...', '[other_project_...')
#3 /home/sampin/zaporuka.testit.in.ua/wp-content/plugins/js_composer/include/helpers/helpers.php(240): do_shortcode('[other_project_...')
#4 /home/sampin/zaporuka.testit.in.ua/wp-content/plugins/js_composer/include/templates/shortcodes/vc_column_text.php(31): wpb_js_remove_wpautop('<p>[other_proje...', true)
#5 /home/sampin/zaporuka.testit.in.ua/wp-content/plugins/js_composer/include/classes/shortcodes/core/class-wpbakeryshortcode.php(271): require('/home/sampin/za...')
#6 /home/sampin/zaporuka.testit.in.ua/w у /home/sampin/zaporuka.testit.in.ua/wp-content/themes/u-design-child/inc/custom_functions.php доступно 255

2020-01-31T13:05:06+02:00 CRITICAL Uncaught Error: Call to undefined function mb_detect_encoding() in /home/sampin/zaporuka.testit.in.ua/wp-content/themes/u-design-child/inc/custom_functions.php:255
Stack trace:
#0 /home/sampin/zaporuka.testit.in.ua/wp-includes/shortcodes.php(325): other_project_timeline('', '', 'other_project_t...')
#1 [internal function]: do_shortcode_tag(Array)
#2 /home/sampin/zaporuka.testit.in.ua/wp-includes/shortcodes.php(199): preg_replace_callback('/\\[(\\[?)(other_...', 'do_shortcode_ta...', '[other_project_...')
#3 /home/sampin/zaporuka.testit.in.ua/wp-content/plugins/js_composer/include/helpers/helpers.php(240): do_shortcode('[other_project_...')
#4 /home/sampin/zaporuka.testit.in.ua/wp-content/plugins/js_composer/include/templates/shortcodes/vc_column_text.php(31): wpb_js_remove_wpautop('<p>[other_proje...', true)
#5 /home/sampin/zaporuka.testit.in.ua/wp-content/plugins/js_composer/include/classes/shortcodes/core/class-wpbakeryshortcode.php(271): require('/home/sampin/za...')
#6 /home/sampin/zaporuka.testit.in.ua/w у /home/sampin/zaporuka.testit.in.ua/wp-content/themes/u-design-child/inc/custom_functions.php доступно 255

2020-01-31T13:05:16+02:00 CRITICAL Uncaught Error: Call to undefined function mb_detect_encoding() in /home/sampin/zaporuka.testit.in.ua/wp-content/themes/u-design-child/inc/custom_functions.php:255
Stack trace:
#0 /home/sampin/zaporuka.testit.in.ua/wp-includes/shortcodes.php(325): other_project_timeline('', '', 'other_project_t...')
#1 [internal function]: do_shortcode_tag(Array)
#2 /home/sampin/zaporuka.testit.in.ua/wp-includes/shortcodes.php(199): preg_replace_callback('/\\[(\\[?)(other_...', 'do_shortcode_ta...', '[other_project_...')
#3 /home/sampin/zaporuka.testit.in.ua/wp-content/plugins/js_composer/include/helpers/helpers.php(240): do_shortcode('[other_project_...')
#4 /home/sampin/zaporuka.testit.in.ua/wp-content/plugins/js_composer/include/templates/shortcodes/vc_column_text.php(31): wpb_js_remove_wpautop('<p>[other_proje...', true)
#5 /home/sampin/zaporuka.testit.in.ua/wp-content/plugins/js_composer/include/classes/shortcodes/core/class-wpbakeryshortcode.php(271): require('/home/sampin/za...')
#6 /home/sampin/zaporuka.testit.in.ua/w у /home/sampin/zaporuka.testit.in.ua/wp-content/themes/u-design-child/inc/custom_functions.php доступно 255

2020-01-31T13:05:45+02:00 CRITICAL Uncaught Error: Call to undefined function mb_detect_encoding() in /home/sampin/zaporuka.testit.in.ua/wp-content/themes/u-design-child/inc/custom_functions.php:255
Stack trace:
#0 /home/sampin/zaporuka.testit.in.ua/wp-includes/shortcodes.php(325): other_project_timeline('', '', 'other_project_t...')
#1 [internal function]: do_shortcode_tag(Array)
#2 /home/sampin/zaporuka.testit.in.ua/wp-includes/shortcodes.php(199): preg_replace_callback('/\\[(\\[?)(other_...', 'do_shortcode_ta...', '[other_project_...')
#3 /home/sampin/zaporuka.testit.in.ua/wp-content/plugins/js_composer/include/helpers/helpers.php(240): do_shortcode('[other_project_...')
#4 /home/sampin/zaporuka.testit.in.ua/wp-content/plugins/js_composer/include/templates/shortcodes/vc_column_text.php(31): wpb_js_remove_wpautop('<p>[other_proje...', true)
#5 /home/sampin/zaporuka.testit.in.ua/wp-content/plugins/js_composer/include/classes/shortcodes/core/class-wpbakeryshortcode.php(271): require('/home/sampin/za...')
#6 /home/sampin/zaporuka.testit.in.ua/w у /home/sampin/zaporuka.testit.in.ua/wp-content/themes/u-design-child/inc/custom_functions.php доступно 255

2020-01-31T13:05:54+02:00 CRITICAL Uncaught Error: Call to undefined function mb_detect_encoding() in /home/sampin/zaporuka.testit.in.ua/wp-content/themes/u-design-child/inc/custom_functions.php:255
Stack trace:
#0 /home/sampin/zaporuka.testit.in.ua/wp-includes/shortcodes.php(325): other_project_timeline('', '', 'other_project_t...')
#1 [internal function]: do_shortcode_tag(Array)
#2 /home/sampin/zaporuka.testit.in.ua/wp-includes/shortcodes.php(199): preg_replace_callback('/\\[(\\[?)(other_...', 'do_shortcode_ta...', '[other_project_...')
#3 /home/sampin/zaporuka.testit.in.ua/wp-content/plugins/js_composer/include/helpers/helpers.php(240): do_shortcode('[other_project_...')
#4 /home/sampin/zaporuka.testit.in.ua/wp-content/plugins/js_composer/include/templates/shortcodes/vc_column_text.php(31): wpb_js_remove_wpautop('<p>[other_proje...', true)
#5 /home/sampin/zaporuka.testit.in.ua/wp-content/plugins/js_composer/include/classes/shortcodes/core/class-wpbakeryshortcode.php(271): require('/home/sampin/za...')
#6 /home/sampin/zaporuka.testit.in.ua/w у /home/sampin/zaporuka.testit.in.ua/wp-content/themes/u-design-child/inc/custom_functions.php доступно 255

2020-01-31T13:06:09+02:00 CRITICAL Uncaught Error: Call to undefined function mb_detect_encoding() in /home/sampin/zaporuka.testit.in.ua/wp-content/themes/u-design-child/inc/custom_functions.php:255
Stack trace:
#0 /home/sampin/zaporuka.testit.in.ua/wp-includes/shortcodes.php(325): other_project_timeline('', '', 'other_project_t...')
#1 [internal function]: do_shortcode_tag(Array)
#2 /home/sampin/zaporuka.testit.in.ua/wp-includes/shortcodes.php(199): preg_replace_callback('/\\[(\\[?)(other_...', 'do_shortcode_ta...', '[other_project_...')
#3 /home/sampin/zaporuka.testit.in.ua/wp-content/plugins/js_composer/include/helpers/helpers.php(240): do_shortcode('[other_project_...')
#4 /home/sampin/zaporuka.testit.in.ua/wp-content/plugins/js_composer/include/templates/shortcodes/vc_column_text.php(31): wpb_js_remove_wpautop('<p>[other_proje...', true)
#5 /home/sampin/zaporuka.testit.in.ua/wp-content/plugins/js_composer/include/classes/shortcodes/core/class-wpbakeryshortcode.php(271): require('/home/sampin/za...')
#6 /home/sampin/zaporuka.testit.in.ua/w у /home/sampin/zaporuka.testit.in.ua/wp-content/themes/u-design-child/inc/custom_functions.php доступно 255

2020-01-31T13:06:14+02:00 CRITICAL Uncaught Error: Call to undefined function mb_detect_encoding() in /home/sampin/zaporuka.testit.in.ua/wp-content/themes/u-design-child/inc/custom_functions.php:255
Stack trace:
#0 /home/sampin/zaporuka.testit.in.ua/wp-includes/shortcodes.php(325): other_project_timeline('', '', 'other_project_t...')
#1 [internal function]: do_shortcode_tag(Array)
#2 /home/sampin/zaporuka.testit.in.ua/wp-includes/shortcodes.php(199): preg_replace_callback('/\\[(\\[?)(other_...', 'do_shortcode_ta...', '[other_project_...')
#3 /home/sampin/zaporuka.testit.in.ua/wp-content/plugins/js_composer/include/helpers/helpers.php(240): do_shortcode('[other_project_...')
#4 /home/sampin/zaporuka.testit.in.ua/wp-content/plugins/js_composer/include/templates/shortcodes/vc_column_text.php(31): wpb_js_remove_wpautop('<p>[other_proje...', true)
#5 /home/sampin/zaporuka.testit.in.ua/wp-content/plugins/js_composer/include/classes/shortcodes/core/class-wpbakeryshortcode.php(271): require('/home/sampin/za...')
#6 /home/sampin/zaporuka.testit.in.ua/w у /home/sampin/zaporuka.testit.in.ua/wp-content/themes/u-design-child/inc/custom_functions.php доступно 255

2020-01-31T13:06:34+02:00 CRITICAL Uncaught Error: Call to undefined function mb_detect_encoding() in /home/sampin/zaporuka.testit.in.ua/wp-content/themes/u-design-child/inc/custom_functions.php:255
Stack trace:
#0 /home/sampin/zaporuka.testit.in.ua/wp-includes/shortcodes.php(325): other_project_timeline('', '', 'other_project_t...')
#1 [internal function]: do_shortcode_tag(Array)
#2 /home/sampin/zaporuka.testit.in.ua/wp-includes/shortcodes.php(199): preg_replace_callback('/\\[(\\[?)(other_...', 'do_shortcode_ta...', '[other_project_...')
#3 /home/sampin/zaporuka.testit.in.ua/wp-content/plugins/js_composer/include/helpers/helpers.php(240): do_shortcode('[other_project_...')
#4 /home/sampin/zaporuka.testit.in.ua/wp-content/plugins/js_composer/include/templates/shortcodes/vc_column_text.php(31): wpb_js_remove_wpautop('<p>[other_proje...', true)
#5 /home/sampin/zaporuka.testit.in.ua/wp-content/plugins/js_composer/include/classes/shortcodes/core/class-wpbakeryshortcode.php(271): require('/home/sampin/za...')
#6 /home/sampin/zaporuka.testit.in.ua/w у /home/sampin/zaporuka.testit.in.ua/wp-content/themes/u-design-child/inc/custom_functions.php доступно 255

2020-01-31T13:06:57+02:00 CRITICAL Uncaught Error: Call to undefined function mb_detect_encoding() in /home/sampin/zaporuka.testit.in.ua/wp-content/themes/u-design-child/inc/custom_functions.php:255
Stack trace:
#0 /home/sampin/zaporuka.testit.in.ua/wp-includes/shortcodes.php(325): other_project_timeline('', '', 'other_project_t...')
#1 [internal function]: do_shortcode_tag(Array)
#2 /home/sampin/zaporuka.testit.in.ua/wp-includes/shortcodes.php(199): preg_replace_callback('/\\[(\\[?)(other_...', 'do_shortcode_ta...', '[other_project_...')
#3 /home/sampin/zaporuka.testit.in.ua/wp-content/plugins/js_composer/include/helpers/helpers.php(240): do_shortcode('[other_project_...')
#4 /home/sampin/zaporuka.testit.in.ua/wp-content/plugins/js_composer/include/templates/shortcodes/vc_column_text.php(31): wpb_js_remove_wpautop('<p>[other_proje...', true)
#5 /home/sampin/zaporuka.testit.in.ua/wp-content/plugins/js_composer/include/classes/shortcodes/core/class-wpbakeryshortcode.php(271): require('/home/sampin/za...')
#6 /home/sampin/zaporuka.testit.in.ua/w у /home/sampin/zaporuka.testit.in.ua/wp-content/themes/u-design-child/inc/custom_functions.php доступно 255

2020-01-31T13:43:23+02:00 CRITICAL Uncaught TypeError: Argument 1 passed to other_project_timeline() must be an instance of WP_Post, string given, called in /home/sampin/zaporuka.testit.in.ua/wp-includes/shortcodes.php on line 325 and defined in /home/sampin/zaporuka.testit.in.ua/wp-content/themes/u-design-child/inc/custom_functions.php:246
Stack trace:
#0 /home/sampin/zaporuka.testit.in.ua/wp-includes/shortcodes.php(325): other_project_timeline('', '', 'other_project_t...')
#1 [internal function]: do_shortcode_tag(Array)
#2 /home/sampin/zaporuka.testit.in.ua/wp-includes/shortcodes.php(199): preg_replace_callback('/\\[(\\[?)(other_...', 'do_shortcode_ta...', '[other_project_...')
#3 /home/sampin/zaporuka.testit.in.ua/wp-content/plugins/js_composer/include/helpers/helpers.php(240): do_shortcode('[other_project_...')
#4 /home/sampin/zaporuka.testit.in.ua/wp-content/plugins/js_composer/include/templates/shortcodes/vc_column_text.php(31): wpb_js_remove_wpautop('<p>[other_proje...', true)
#5 /home/sampin/zaporuka.testit.in.ua/wp-content/plugins/js_ у /home/sampin/zaporuka.testit.in.ua/wp-content/themes/u-design-child/inc/custom_functions.php доступно 246

2020-01-31T14:54:30+02:00 CRITICAL Uncaught Error: Call to undefined function mb_convert_encode() in /home/sampin/zaporuka.testit.in.ua/wp-content/themes/u-design-child/inc/custom_functions.php:258
Stack trace:
#0 /home/sampin/zaporuka.testit.in.ua/wp-includes/shortcodes.php(325): other_project_timeline('', '', 'other_project_t...')
#1 [internal function]: do_shortcode_tag(Array)
#2 /home/sampin/zaporuka.testit.in.ua/wp-includes/shortcodes.php(199): preg_replace_callback('/\\[(\\[?)(other_...', 'do_shortcode_ta...', '[other_project_...')
#3 /home/sampin/zaporuka.testit.in.ua/wp-content/plugins/js_composer/include/helpers/helpers.php(240): do_shortcode('[other_project_...')
#4 /home/sampin/zaporuka.testit.in.ua/wp-content/plugins/js_composer/include/templates/shortcodes/vc_column_text.php(31): wpb_js_remove_wpautop('<p>[other_proje...', true)
#5 /home/sampin/zaporuka.testit.in.ua/wp-content/plugins/js_composer/include/classes/shortcodes/core/class-wpbakeryshortcode.php(271): require('/home/sampin/za...')
#6 /home/sampin/zaporuka.testit.in.ua/wp у /home/sampin/zaporuka.testit.in.ua/wp-content/themes/u-design-child/inc/custom_functions.php доступно 258

2020-01-31T14:54:46+02:00 CRITICAL Uncaught Error: Call to undefined function mb_convert_encode() in /home/sampin/zaporuka.testit.in.ua/wp-content/themes/u-design-child/inc/custom_functions.php:258
Stack trace:
#0 /home/sampin/zaporuka.testit.in.ua/wp-includes/shortcodes.php(325): other_project_timeline('', '', 'other_project_t...')
#1 [internal function]: do_shortcode_tag(Array)
#2 /home/sampin/zaporuka.testit.in.ua/wp-includes/shortcodes.php(199): preg_replace_callback('/\\[(\\[?)(other_...', 'do_shortcode_ta...', '[other_project_...')
#3 /home/sampin/zaporuka.testit.in.ua/wp-content/plugins/js_composer/include/helpers/helpers.php(240): do_shortcode('[other_project_...')
#4 /home/sampin/zaporuka.testit.in.ua/wp-content/plugins/js_composer/include/templates/shortcodes/vc_column_text.php(31): wpb_js_remove_wpautop('<p>[other_proje...', true)
#5 /home/sampin/zaporuka.testit.in.ua/wp-content/plugins/js_composer/include/classes/shortcodes/core/class-wpbakeryshortcode.php(271): require('/home/sampin/za...')
#6 /home/sampin/zaporuka.testit.in.ua/wp у /home/sampin/zaporuka.testit.in.ua/wp-content/themes/u-design-child/inc/custom_functions.php доступно 258

2020-01-31T15:02:14+02:00 CRITICAL syntax error, unexpected ';', expecting ')' у /home/sampin/zaporuka.testit.in.ua/wp-content/themes/u-design-child/inc/custom_functions.php доступно 257

2020-01-31T16:16:36+02:00 CRITICAL Uncaught ArgumentCountError: Too few arguments to function apply_filters(), 1 passed in /home/sampin/zaporuka.testit.in.ua/wp-content/themes/u-design-child/inc/custom_functions.php on line 260 and exactly 2 expected in /home/sampin/zaporuka.testit.in.ua/wp-includes/plugin.php:181
Stack trace:
#0 /home/sampin/zaporuka.testit.in.ua/wp-content/themes/u-design-child/inc/custom_functions.php(260): apply_filters('vc_gitem_templa...')
#1 /home/sampin/zaporuka.testit.in.ua/wp-includes/shortcodes.php(325): other_project_timeline('', '', 'other_project_t...')
#2 [internal function]: do_shortcode_tag(Array)
#3 /home/sampin/zaporuka.testit.in.ua/wp-includes/shortcodes.php(199): preg_replace_callback('/\\[(\\[?)(other_...', 'do_shortcode_ta...', '[other_project_...')
#4 /home/sampin/zaporuka.testit.in.ua/wp-content/plugins/js_composer/include/helpers/helpers.php(240): do_shortcode('[other_project_...')
#5 /home/sampin/zaporuka.testit.in.ua/wp-content/plugins/js_composer/include/templates/shortcodes/vc_column_text.php(31): у /home/sampin/zaporuka.testit.in.ua/wp-includes/plugin.php доступно 181

2020-01-31T16:17:08+02:00 CRITICAL Uncaught ArgumentCountError: Too few arguments to function apply_filters(), 1 passed in /home/sampin/zaporuka.testit.in.ua/wp-content/themes/u-design-child/inc/custom_functions.php on line 259 and exactly 2 expected in /home/sampin/zaporuka.testit.in.ua/wp-includes/plugin.php:181
Stack trace:
#0 /home/sampin/zaporuka.testit.in.ua/wp-content/themes/u-design-child/inc/custom_functions.php(259): apply_filters('vc_gitem_templa...')
#1 /home/sampin/zaporuka.testit.in.ua/wp-includes/shortcodes.php(325): other_project_timeline('', '', 'other_project_t...')
#2 [internal function]: do_shortcode_tag(Array)
#3 /home/sampin/zaporuka.testit.in.ua/wp-includes/shortcodes.php(199): preg_replace_callback('/\\[(\\[?)(other_...', 'do_shortcode_ta...', '[other_project_...')
#4 /home/sampin/zaporuka.testit.in.ua/wp-content/plugins/js_composer/include/helpers/helpers.php(240): do_shortcode('[other_project_...')
#5 /home/sampin/zaporuka.testit.in.ua/wp-content/plugins/js_composer/include/templates/shortcodes/vc_column_text.php(31): у /home/sampin/zaporuka.testit.in.ua/wp-includes/plugin.php доступно 181

