2020-02-07T16:01:16+02:00 CRITICAL Uncaught Error: Using $this when not in object context in /home/sampin/zaporuka.testit.in.ua/wp-content/themes/u-design-child/inc/custom_functions.php:290
Stack trace:
#0 /home/sampin/zaporuka.testit.in.ua/wp-includes/shortcodes.php(325): vc_custom_post_meta_render('', '', 'vc_custom_post_...')
#1 [internal function]: do_shortcode_tag(Array)
#2 /home/sampin/zaporuka.testit.in.ua/wp-includes/shortcodes.php(199): preg_replace_callback('/\\[(\\[?)(vc_cus...', 'do_shortcode_ta...', '[vc_custom_post...')
#3 /home/sampin/zaporuka.testit.in.ua/wp-content/plugins/js_composer/include/templates/shortcodes/vc_gitem_col.php(33): do_shortcode('[vc_custom_post...')
#4 /home/sampin/zaporuka.testit.in.ua/wp-content/plugins/js_composer/include/classes/shortcodes/core/class-wpbakeryshortcode.php(271): require('/home/sampin/za...')
#5 /home/sampin/zaporuka.testit.in.ua/wp-content/plugins/js_composer/include/classes/shortcodes/core/class-wpbakeryshortcode.php(244): WPBakeryShortCode->loadTemplate(Array, '[vc_custom_post...')
#6  у /home/sampin/zaporuka.testit.in.ua/wp-content/themes/u-design-child/inc/custom_functions.php доступно 290

2020-02-07T16:02:17+02:00 CRITICAL Uncaught ArgumentCountError: Too few arguments to function get_post_meta(), 0 passed in /home/sampin/zaporuka.testit.in.ua/wp-content/themes/u-design-child/inc/custom_functions.php on line 290 and at least 1 expected in /home/sampin/zaporuka.testit.in.ua/wp-includes/post.php:2109
Stack trace:
#0 /home/sampin/zaporuka.testit.in.ua/wp-content/themes/u-design-child/inc/custom_functions.php(290): get_post_meta()
#1 /home/sampin/zaporuka.testit.in.ua/wp-includes/shortcodes.php(325): vc_custom_post_meta_render('', '', 'vc_custom_post_...')
#2 [internal function]: do_shortcode_tag(Array)
#3 /home/sampin/zaporuka.testit.in.ua/wp-includes/shortcodes.php(199): preg_replace_callback('/\\[(\\[?)(vc_cus...', 'do_shortcode_ta...', '[vc_custom_post...')
#4 /home/sampin/zaporuka.testit.in.ua/wp-content/plugins/js_composer/include/templates/shortcodes/vc_gitem_col.php(33): do_shortcode('[vc_custom_post...')
#5 /home/sampin/zaporuka.testit.in.ua/wp-content/plugins/js_composer/include/classes/shortcodes/core/class-wpbakeryshort у /home/sampin/zaporuka.testit.in.ua/wp-includes/post.php доступно 2109

2020-02-07T16:02:26+02:00 CRITICAL Uncaught ArgumentCountError: Too few arguments to function get_post_meta(), 0 passed in /home/sampin/zaporuka.testit.in.ua/wp-content/themes/u-design-child/inc/custom_functions.php on line 290 and at least 1 expected in /home/sampin/zaporuka.testit.in.ua/wp-includes/post.php:2109
Stack trace:
#0 /home/sampin/zaporuka.testit.in.ua/wp-content/themes/u-design-child/inc/custom_functions.php(290): get_post_meta()
#1 /home/sampin/zaporuka.testit.in.ua/wp-includes/shortcodes.php(325): vc_custom_post_meta_render('', '', 'vc_custom_post_...')
#2 [internal function]: do_shortcode_tag(Array)
#3 /home/sampin/zaporuka.testit.in.ua/wp-includes/shortcodes.php(199): preg_replace_callback('/\\[(\\[?)(vc_cus...', 'do_shortcode_ta...', '[vc_custom_post...')
#4 /home/sampin/zaporuka.testit.in.ua/wp-content/plugins/js_composer/include/templates/shortcodes/vc_gitem_col.php(33): do_shortcode('[vc_custom_post...')
#5 /home/sampin/zaporuka.testit.in.ua/wp-content/plugins/js_composer/include/classes/shortcodes/core/class-wpbakeryshort у /home/sampin/zaporuka.testit.in.ua/wp-includes/post.php доступно 2109

2020-02-07T17:01:05+02:00 CRITICAL syntax error, unexpected '}' in /home/sampin/zaporuka.testit.in.ua/wp-content/themes/u-design-child/functions.php on line 126

2020-02-07T17:01:09+02:00 CRITICAL syntax error, unexpected '}' in /home/sampin/zaporuka.testit.in.ua/wp-content/themes/u-design-child/functions.php on line 126

2020-02-07T17:16:45+02:00 CRITICAL syntax error, unexpected '=' у /home/sampin/zaporuka.testit.in.ua/wp-content/themes/u-design-child/woocommerce/single-product/short-description.php доступно 35

